<?xml version="1.0" encoding="utf-8" standalone="no"?>
<test-results xmlns:xsi="http://www.w3.org/2001/XMLSchema-instance" xsi:noNamespaceSchemaLocation="nunit_schema_2.5.xsd" name="Pester" total="20" errors="0" failures="0" not-run="0" inconclusive="0" ignored="0" skipped="0" invalid="0" date="2026-06-06" time="16:26:00">
  <environment nunit-version="2.5.8.0" platform="Microsoft Windows 11 Pro|C:\WINDOWS|\Device\Harddisk0\Partition3" user="dlina" user-domain="DAVID-DESKTOP" clr-version="10.0.8" os-version="10.0.26200" cwd="D:\LIN4CRE\Git-Sync" machine-name="DAVID-DESKTOP" />
  <culture-info current-culture="en-GB" current-uiculture="en-GB" />
  <test-suite type="TestFixture" name="Pester" executed="True" result="Success" success="True" time="0.7616" asserts="0" description="Pester">
    <results>
      <test-suite type="TestFixture" name="D:\LIN4CRE\Git-Sync\tests\Git-Sync.Tests.ps1" executed="True" result="Success" success="True" time="0.7616" asserts="0" description="D:\LIN4CRE\Git-Sync\tests\Git-Sync.Tests.ps1">
        <results>
          <test-suite type="TestFixture" name="Get-NextVersion" executed="True" result="Success" success="True" time="0.1589" asserts="0" description="Get-NextVersion">
            <results>
              <test-case description="Increments patch by default" name="Get-NextVersion.Increments patch by default" time="0.0892" asserts="0" success="True" result="Success" executed="True" />
              <test-case description="Increments minor" name="Get-NextVersion.Increments minor" time="0.0061" asserts="0" success="True" result="Success" executed="True" />
              <test-case description="Increments major" name="Get-NextVersion.Increments major" time="0.0059" asserts="0" success="True" result="Success" executed="True" />
              <test-case description="Handles v-prefixed versions" name="Get-NextVersion.Handles v-prefixed versions" time="0.0058" asserts="0" success="True" result="Success" executed="True" />
              <test-case description="Defaults to 0.0.0 when given malformed input and warns" name="Get-NextVersion.Defaults to 0.0.0 when given malformed input and warns" time="0.009" asserts="0" success="True" result="Success" executed="True" />
              <test-case description="Adds prerelease suffix when requested" name="Get-NextVersion.Adds prerelease suffix when requested" time="0.0122" asserts="0" success="True" result="Success" executed="True" />
            </results>
          </test-suite>
          <test-suite type="TestFixture" name="Test-GitRepository" executed="True" result="Success" success="True" time="0.1815" asserts="0" description="Test-GitRepository">
            <results>
              <test-case description="Returns true when git says we are inside a work tree" name="Test-GitRepository.Returns true when git says we are inside a work tree" time="0.0109" asserts="0" success="True" result="Success" executed="True" />
              <test-case description="Returns false when git exits non-zero" name="Test-GitRepository.Returns false when git exits non-zero" time="0.0069" asserts="0" success="True" result="Success" executed="True" />
            </results>
          </test-suite>
          <test-suite type="TestFixture" name="Test-GitRemoteConnectivity" executed="True" result="Success" success="True" time="0.2095" asserts="0" description="Test-GitRemoteConnectivity">
            <results>
              <test-case description="Returns true on successful ls-remote" name="Test-GitRemoteConnectivity.Returns true on successful ls-remote" time="0.015" asserts="0" success="True" result="Success" executed="True" />
              <test-case description="Returns false on failed ls-remote" name="Test-GitRemoteConnectivity.Returns false on failed ls-remote" time="0.0078" asserts="0" success="True" result="Success" executed="True" />
            </results>
          </test-suite>
          <test-suite type="TestFixture" name="Invoke-GitCommand" executed="True" result="Success" success="True" time="0.2827" asserts="0" description="Invoke-GitCommand">
            <results>
              <test-case description="Returns a success hashtable on exit code 0" name="Invoke-GitCommand.Returns a success hashtable on exit code 0" time="0.0218" asserts="0" success="True" result="Success" executed="True" />
              <test-case description="Throws on non-zero exit code by default" name="Invoke-GitCommand.Throws on non-zero exit code by default" time="0.0242" asserts="0" success="True" result="Success" executed="True" />
              <test-case description="Does not throw when IgnoreError is set" name="Invoke-GitCommand.Does not throw when IgnoreError is set" time="0.0217" asserts="0" success="True" result="Success" executed="True" />
            </results>
          </test-suite>
          <test-suite type="TestFixture" name="Get-LatestTag" executed="True" result="Success" success="True" time="0.3022" asserts="0" description="Get-LatestTag">
            <results>
              <test-case description="Returns the latest tag stripped of v-prefix" name="Get-LatestTag.Returns the latest tag stripped of v-prefix" time="0.0089" asserts="0" success="True" result="Success" executed="True" />
              <test-case description="Returns 0.0.0 when no tags exist" name="Get-LatestTag.Returns 0.0.0 when no tags exist" time="0.0062" asserts="0" success="True" result="Success" executed="True" />
            </results>
          </test-suite>
          <test-suite type="TestFixture" name="Test-GhAuthentication" executed="True" result="Success" success="True" time="0.3221" asserts="0" description="Test-GhAuthentication">
            <results>
              <test-case description="Returns false when gh is not installed" name="Test-GhAuthentication.Returns false when gh is not installed" time="0.0084" asserts="0" success="True" result="Success" executed="True" />
              <test-case description="Returns true when gh auth status succeeds" name="Test-GhAuthentication.Returns true when gh auth status succeeds" time="0.0072" asserts="0" success="True" result="Success" executed="True" />
            </results>
          </test-suite>
          <test-suite type="TestFixture" name="Invoke-GitDeploy" executed="True" result="Success" success="True" time="0.3446" asserts="0" description="Invoke-GitDeploy">
            <results>
              <test-case description="Should not throw in a mocked repo with no changes" name="Invoke-GitDeploy.Should not throw in a mocked repo with no changes" time="0.018" asserts="0" success="True" result="Success" executed="True" />
            </results>
          </test-suite>
          <test-suite type="TestFixture" name="New-GitRelease" executed="True" result="Success" success="True" time="0.3781" asserts="0" description="New-GitRelease">
            <results>
              <test-case description="Should bump version when using AutoBump parameter set" name="New-GitRelease.Should bump version when using AutoBump parameter set" time="0.0174" asserts="0" success="True" result="Success" executed="True" />
              <test-case description="Should use explicit version when using Manual parameter set" name="New-GitRelease.Should use explicit version when using Manual parameter set" time="0.0099" asserts="0" success="True" result="Success" executed="True" />
            </results>
          </test-suite>
        </results>
      </test-suite>
    </results>
  </test-suite>
</test-results>